Error: Cannot apply unknown utility class `border-border`. Are you using CSS modules or similar and missing `@reference`? https://tailwindcss.com/docs/functions-and-directives#reference-directive
    [at onInvalidCandidate (C:\Central\Dev\Inovam\Site\web\node_modules\tailwindcss\dist\lib.js:21:1314])
    [at Te (C:\Central\Dev\Inovam\Site\web\node_modules\tailwindcss\dist\lib.js:16:36652])
    [at C:\Central\Dev\Inovam\Site\web\node_modules\tailwindcss\dist\lib.js:21:355]
    [at Rr (C:\Central\Dev\Inovam\Site\web\node_modules\tailwindcss\dist\lib.js:3:1718])
    [at _ (C:\Central\Dev\Inovam\Site\web\node_modules\tailwindcss\dist\lib.js:3:1377])
    [at $e (C:\Central\Dev\Inovam\Site\web\node_modules\tailwindcss\dist\lib.js:21:172])
    [at un (C:\Central\Dev\Inovam\Site\web\node_modules\tailwindcss\dist\lib.js:38:294])
    at process.processTicksAndRejections (node:internal/process/task_queues:103:5)
    [at async cn (C:\Central\Dev\Inovam\Site\web\node_modules\tailwindcss\dist\lib.js:38:631])
    [at async Xr (C:\Central\Dev\Inovam\Site\web\node_modules\@tailwindcss\node\dist\index.js:10:3417])

> Build error occurred
Error: Turbopack build failed with 1 errors:
./src/app/globals.css
Error evaluating Node.js code
CssSyntaxError: tailwindcss: C:\Central\Dev\Inovam\Site\web\src\app\globals.css:1:1: Cannot apply unknown utility class `border-border`. Are you using CSS modules or similar and missing `@reference`? https://tailwindcss.com/docs/functions-and-directives#reference-directive
    at Input.error (node_modules/postcss/lib/input.js:135:16) [C:\Central\Dev\Inovam\Site\web\.next\build\chunks\node_modules_fe693df6._.js:4651:22]
    at Root.error (node_modules/postcss/lib/node.js:146:32) [C:\Central\Dev\Inovam\Site\web\.next\build\chunks\node_modules_fe693df6._.js:928:38]
    [at Object.Once (C:\Central\Dev\Inovam\Site\web\node_modules\@tailwindcss\postcss\dist\index.js:10:6911)]
    [at process.processTicksAndRejections (node:internal/process/task_queues:103:5)]
    at async LazyResult.runAsync (node_modules/postcss/lib/lazy-result.js:293:11) [C:\Central\Dev\Inovam\Site\web\.next\build\chunks\node_modules_fe693df6._.js:6206:21]
    at async transform (turbopack:///[turbopack-node]/transforms/postcss.ts:70:34) [C:\Central\Dev\Inovam\Site\web\.next\build\chunks\[root-of-the-server]__51225daf._.js:146:36]
    at async run (turbopack:///[turbopack-node]/ipc/evaluate.ts:92:23) [C:\Central\Dev\Inovam\Site\web\.next\build\chunks\[root-of-the-server]__974941ed._.js:443:31]

Import trace:
  Client Component Browser:
    ./src/app/globals.css [Client Component Browser]
    ./src/app/layout.tsx [Server Component]


    at async transform (turbopack:///[turbopack-node]/transforms/postcss.ts:70:34) [C:\Central\Dev\Inovam\Site\web\.next\build\chunks\[root-of-the-server]__51225daf._.js:146:36])
    at async run (turbopack:///[turbopack-node]/ipc/evaluate.ts:92:23) [C:\Central\Dev\Inovam\Site\web\.next\build\chunks\[root-of-the-server]__974941ed._.js:443:31])
